<?xml version="1.0" encoding="UTF-8"?>
<testsuite xmlns:xsi="http://www.w3.org/2001/XMLSchema-instance" xsi:noNamespaceSchemaLocation="https://maven.apache.org/surefire/maven-surefire-plugin/xsd/surefire-test-report-3.0.xsd" version="3.0" name="MyDLL.MyDLLTest" time="0.05" tests="6" errors="0" skipped="0" failures="0">
  <properties>
    <property name="java.specification.version" value="20"/>
    <property name="sun.cpu.isalist" value="amd64"/>
    <property name="sun.jnu.encoding" value="Cp1252"/>
    <property name="java.class.path" value="C:\Users\hesha\Desktop\SAIT\CPRG304-OOP3\Assignment2\Assignment2_2\target\test-classes;C:\Users\hesha\Desktop\SAIT\CPRG304-OOP3\Assignment2\Assignment2_2\target\classes;C:\Users\hesha\.m2\repository\junit\junit\4.13.2\junit-4.13.2.jar;C:\Users\hesha\.m2\repository\org\hamcrest\hamcrest-core\1.3\hamcrest-core-1.3.jar;"/>
    <property name="java.vm.vendor" value="Azul Systems, Inc."/>
    <property name="sun.arch.data.model" value="64"/>
    <property name="user.variant" value=""/>
    <property name="java.vendor.url" value="http://www.azul.com/"/>
    <property name="user.timezone" value="America/Edmonton"/>
    <property name="os.name" value="Windows 11"/>
    <property name="java.vm.specification.version" value="20"/>
    <property name="user.country" value="CA"/>
    <property name="sun.java.launcher" value="SUN_STANDARD"/>
    <property name="sun.boot.library.path" value="C:\Program Files\Apache NetBeans\jdk\bin"/>
    <property name="sun.java.command" value="C:\Users\hesha\AppData\Local\Temp\surefire1913308491816643310\surefirebooter-20231127212013864_3.jar C:\Users\hesha\AppData\Local\Temp\surefire1913308491816643310 2023-11-27T21-20-13_767-jvmRun1 surefire-20231127212013864_1tmp surefire_0-20231127212013864_2tmp"/>
    <property name="jdk.debug" value="release"/>
    <property name="test" value="MyDLL.MyDLLTest"/>
    <property name="surefire.test.class.path" value="C:\Users\hesha\Desktop\SAIT\CPRG304-OOP3\Assignment2\Assignment2_2\target\test-classes;C:\Users\hesha\Desktop\SAIT\CPRG304-OOP3\Assignment2\Assignment2_2\target\classes;C:\Users\hesha\.m2\repository\junit\junit\4.13.2\junit-4.13.2.jar;C:\Users\hesha\.m2\repository\org\hamcrest\hamcrest-core\1.3\hamcrest-core-1.3.jar;"/>
    <property name="sun.cpu.endian" value="little"/>
    <property name="user.home" value="C:\Users\hesha"/>
    <property name="user.language" value="en"/>
    <property name="java.specification.vendor" value="Oracle Corporation"/>
    <property name="java.version.date" value="2023-07-18"/>
    <property name="java.home" value="C:\Program Files\Apache NetBeans\jdk"/>
    <property name="file.separator" value="\"/>
    <property name="basedir" value="C:\Users\hesha\Desktop\SAIT\CPRG304-OOP3\Assignment2\Assignment2_2"/>
    <property name="java.vm.compressedOopsMode" value="Zero based"/>
    <property name="line.separator" value="&#10;"/>
    <property name="java.vm.specification.vendor" value="Oracle Corporation"/>
    <property name="java.specification.name" value="Java Platform API Specification"/>
    <property name="surefire.real.class.path" value="C:\Users\hesha\AppData\Local\Temp\surefire1913308491816643310\surefirebooter-20231127212013864_3.jar"/>
    <property name="user.script" value=""/>
    <property name="sun.management.compiler" value="HotSpot 64-Bit Tiered Compilers"/>
    <property name="java.runtime.version" value="20.0.2+9"/>
    <property name="user.name" value="hesha"/>
    <property name="stdout.encoding" value="Cp1252"/>
    <property name="path.separator" value=";"/>
    <property name="os.version" value="10.0"/>
    <property name="java.runtime.name" value="OpenJDK Runtime Environment"/>
    <property name="file.encoding" value="UTF-8"/>
    <property name="java.vm.name" value="OpenJDK 64-Bit Server VM"/>
    <property name="java.vendor.version" value="Zulu20.32+11-CA"/>
    <property name="maven.ext.class.path" value="C:\Program Files\Apache NetBeans\java\maven-nblib\netbeans-eventspy.jar"/>
    <property name="localRepository" value="C:\Users\hesha\.m2\repository"/>
    <property name="java.vendor.url.bug" value="http://www.azul.com/support/"/>
    <property name="java.io.tmpdir" value="C:\Users\hesha\AppData\Local\Temp\"/>
    <property name="java.version" value="20.0.2"/>
    <property name="user.dir" value="C:\Users\hesha\Desktop\SAIT\CPRG304-OOP3\Assignment2\Assignment2_2"/>
    <property name="os.arch" value="amd64"/>
    <property name="java.vm.specification.name" value="Java Virtual Machine Specification"/>
    <property name="sun.os.patch.level" value=""/>
    <property name="native.encoding" value="Cp1252"/>
    <property name="java.library.path" value="C:\Program Files\Apache NetBeans\jdk\bin;C:\WINDOWS\Sun\Java\bin;C:\WINDOWS\system32;C:\WINDOWS;C:\Users\hesha\AppData\Local\Programs\Python\Python311;C:\Users\hesha\AppData\Local\Programs\Python\Python311\Scripts;C:\app\hesha\product\18.0.0\dbhomeXE\bin;C:\Program Files\Eclipse Adoptium\jdk-17.0.1.12-hotspot\bin;C:\Program Files (x86)\VMware\VMware Workstation\bin\;C:\WINDOWS\system32;C:\WINDOWS;C:\WINDOWS\System32\Wbem;C:\WINDOWS\System32\WindowsPowerShell\v1.0\;C:\WINDOWS\System32\OpenSSH\;C:\Program Files\Git\cmd;C:\monogdb\bin;C:\Program Files\Amazon\AWSCLIV2\;%NVM_HOME%;%NVM_SYMLINK%;C:\Users\hesha\AppData\Local\Microsoft\WindowsApps;C:\Users\hesha\AppData\Local\Programs\Microsoft VS Code\bin;C:\Users\hesha\AppData\Roaming\npm;C:\Users\hesha\AppData\Roaming\nvm;C:\Program Files\nodejs;."/>
    <property name="java.vm.info" value="mixed mode, sharing"/>
    <property name="stderr.encoding" value="Cp1252"/>
    <property name="java.vendor" value="Azul Systems, Inc."/>
    <property name="java.vm.version" value="20.0.2+9"/>
    <property name="sun.io.unicode.encoding" value="UnicodeLittle"/>
    <property name="java.class.version" value="64.0"/>
  </properties>
  <testcase name="testRemoveFromEnd" classname="MyDLL.MyDLLTest" time="0.004"/>
  <testcase name="testSize" classname="MyDLL.MyDLLTest" time="0.0"/>
  <testcase name="testAddToEnd" classname="MyDLL.MyDLLTest" time="0.0"/>
  <testcase name="testAddToFront" classname="MyDLL.MyDLLTest" time="0.0"/>
  <testcase name="testIsEmpty" classname="MyDLL.MyDLLTest" time="0.0"/>
  <testcase name="testRemoveFromFront" classname="MyDLL.MyDLLTest" time="0.0"/>
</testsuite>